<?xml version="1.0" encoding="UTF-8"?>
<testng-results ignored="0" total="1" passed="1" failed="0" skipped="0">
  <reporter-output>
  </reporter-output>
  <suite started-at="2024-03-30T13:36:09 IST" name="Default suite" finished-at="2024-03-30T13:36:31 IST" duration-ms="22054">
    <groups>
    </groups>
    <test started-at="2024-03-30T13:36:09 IST" name="Default test" finished-at="2024-03-30T13:36:31 IST" duration-ms="22054">
      <class name="bdd.testcases.HighestAndLowestPriceTest">
        <test-method is-config="true" signature="launchApp()[pri:0, instance:bdd.testcases.HighestAndLowestPriceTest@5a37d3ed]" started-at="2024-03-30T13:36:09 IST" name="launchApp" finished-at="2024-03-30T13:36:17 IST" duration-ms="8236" status="PASS">
          <reporter-output>
          </reporter-output>
        </test-method> <!-- launchApp -->
        <test-method signature="checkPrice()[pri:0, instance:bdd.testcases.HighestAndLowestPriceTest@5a37d3ed]" started-at="2024-03-30T13:36:17 IST" name="checkPrice" finished-at="2024-03-30T13:36:31 IST" duration-ms="13234" status="PASS">
          <reporter-output>
          </reporter-output>
        </test-method> <!-- checkPrice -->
        <test-method is-config="true" signature="tearDown()[pri:0, instance:bdd.testcases.HighestAndLowestPriceTest@5a37d3ed]" started-at="2024-03-30T13:36:31 IST" name="tearDown" finished-at="2024-03-30T13:36:31 IST" duration-ms="300" status="PASS">
          <reporter-output>
          </reporter-output>
        </test-method> <!-- tearDown -->
      </class> <!-- bdd.testcases.HighestAndLowestPriceTest -->
    </test> <!-- Default test -->
  </suite> <!-- Default suite -->
</testng-results>
